<?xml version="1.0" encoding="UTF-8"?>
<robot generator="Robot 4.0.3 (Python 3.9.6 on win32)" generated="20210704 23:54:14.119" rpa="false" schemaversion="2">
<suite id="s1" name="Mobile Automation" source="C:\Users\Gestão 03\Desktop\primeexperts\tests\mobile_automation.robot">
<test id="s1-t1" name="Caso de Teste 02: Logar no YouTube">
<kw name="Abrir o aplicativo" library="Resource_mobile" type="SETUP">
<kw name="Open Application" library="AppiumLibrary">
<arg>http://localhost:4723/wd/hub</arg>
<arg>automationName=uiautomator2</arg>
<arg>platformName=Android</arg>
<arg>deviceName=emulator-5554</arg>
<arg>autoGrantPermissions=true</arg>
<arg>appPackage=com.google.android.youtube</arg>
<arg>appActivity=com.google.android.youtube.HomeActivity</arg>
<doc>Opens a new application to given Appium server.
Capabilities of appium server, Android and iOS,
Please check https://github.com/appium/appium/blob/master/docs/en/writing-running-appium/server-args.md
| *Option*            | *Man.* | *Description*     |
| remote_url          | Yes    | Appium server url |
| alias               | no     | alias             |</doc>
<status status="PASS" starttime="20210704 23:54:14.606" endtime="20210704 23:54:42.553"/>
</kw>
<kw name="Sleep" library="BuiltIn">
<arg>10</arg>
<doc>Pauses the test executed for the given time.</doc>
<msg timestamp="20210704 23:54:52.554" level="INFO">Slept 10 seconds</msg>
<status status="PASS" starttime="20210704 23:54:42.554" endtime="20210704 23:54:52.554"/>
</kw>
<status status="PASS" starttime="20210704 23:54:14.606" endtime="20210704 23:54:52.554"/>
</kw>
<kw name="Logar no aplicativo com a conta contatesteprimeexpert@gmail.com" library="Resource_mobile">
<kw name="Wait Until Element Is Visible" library="AppiumLibrary">
<arg>${LOGO}</arg>
<arg>3</arg>
<doc>Waits until element specified with `locator` is visible.</doc>
<status status="PASS" starttime="20210704 23:54:52.555" endtime="20210704 23:54:52.621"/>
</kw>
<kw name="Click Element" library="AppiumLibrary">
<arg>${CONTA}</arg>
<doc>Click element identified by `locator`.</doc>
<msg timestamp="20210704 23:54:52.625" level="INFO">Clicking element 'xpath=//android.widget.ImageView[@content-desc="Conta"]'.</msg>
<status status="PASS" starttime="20210704 23:54:52.621" endtime="20210704 23:54:52.780"/>
</kw>
<kw name="Sleep" library="BuiltIn">
<arg>2</arg>
<doc>Pauses the test executed for the given time.</doc>
<msg timestamp="20210704 23:54:54.782" level="INFO">Slept 2 seconds</msg>
<status status="PASS" starttime="20210704 23:54:52.780" endtime="20210704 23:54:54.782"/>
</kw>
<kw name="Run Keyword And Ignore Error" library="BuiltIn">
<var>${p}</var>
<arg>Wait Until Element Is Visible</arg>
<arg>${VALIDA_LOGIN}</arg>
<doc>Runs the given keyword with the given arguments and ignores possible error.</doc>
<kw name="Wait Until Element Is Visible" library="AppiumLibrary">
<arg>${VALIDA_LOGIN}</arg>
<doc>Waits until element specified with `locator` is visible.</doc>
<kw name="Capture Page Screenshot" library="AppiumLibrary">
<doc>Takes a screenshot of the current page and embeds it into the log.</doc>
<msg timestamp="20210704 23:55:00.951" level="INFO" html="true">&lt;/td&gt;&lt;/tr&gt;&lt;tr&gt;&lt;td colspan="3"&gt;&lt;a href="appium-screenshot-1.png"&gt;&lt;img src="appium-screenshot-1.png" width="800px"&gt;&lt;/a&gt;</msg>
<status status="PASS" starttime="20210704 23:55:00.392" endtime="20210704 23:55:00.951"/>
</kw>
<msg timestamp="20210704 23:55:00.952" level="FAIL">Element locator 'id=com.google.android.youtube:id/body_text' did not match any elements after 5 seconds</msg>
<status status="FAIL" starttime="20210704 23:54:54.782" endtime="20210704 23:55:00.952"/>
</kw>
<msg timestamp="20210704 23:55:00.952" level="INFO">${p} = ('FAIL', "Element locator 'id=com.google.android.youtube:id/body_text' did not match any elements after 5 seconds")</msg>
<status status="PASS" starttime="20210704 23:54:54.782" endtime="20210704 23:55:00.952"/>
</kw>
<kw name="Run Keyword If" library="BuiltIn">
<arg>'${p[0]}' == 'PASS'</arg>
<arg>Validar novo login</arg>
<doc>Runs the given keyword with the given arguments, if ``condition`` is true.</doc>
<status status="PASS" starttime="20210704 23:55:00.952" endtime="20210704 23:55:00.954"/>
</kw>
<kw name="Run Keyword If" library="BuiltIn">
<arg>'${p[0]}' == 'FAIL'</arg>
<arg>Validar Login existente</arg>
<doc>Runs the given keyword with the given arguments, if ``condition`` is true.</doc>
<kw name="Validar Login existente" library="Resource_mobile">
<kw name="Log To Console" library="BuiltIn">
<arg>Já existe um usuário ativo, cadastranto novo LOGIN!</arg>
<doc>Logs the given message to the console.</doc>
<status status="PASS" starttime="20210704 23:55:00.956" endtime="20210704 23:55:00.979"/>
</kw>
<kw name="Log To Console" library="BuiltIn">
<arg>Cadastranto novo LOGIN!</arg>
<doc>Logs the given message to the console.</doc>
<status status="PASS" starttime="20210704 23:55:00.980" endtime="20210704 23:55:00.993"/>
</kw>
<kw name="Click Element" library="AppiumLibrary">
<arg>${LOGIN}</arg>
<doc>Click element identified by `locator`.</doc>
<msg timestamp="20210704 23:55:01.002" level="INFO">Clicking element 'xpath=/hierarchy/android.widget.FrameLayout/android.widget.FrameLayout/android.widget.FrameLayout/android.widget.LinearLayout/android.support.v7.widget.RecyclerView/android.widget.LinearLayout[1]/android.widget.LinearLayout/android.widget.LinearLayout[2]/android.widget.RelativeLayout/android.widget.TextView'.</msg>
<status status="PASS" starttime="20210704 23:55:00.994" endtime="20210704 23:55:01.113"/>
</kw>
<kw name="Sleep" library="BuiltIn">
<arg>10</arg>
<doc>Pauses the test executed for the given time.</doc>
<msg timestamp="20210704 23:55:11.115" level="INFO">Slept 10 seconds</msg>
<status status="PASS" starttime="20210704 23:55:01.114" endtime="20210704 23:55:11.115"/>
</kw>
<kw name="Click Element" library="AppiumLibrary">
<arg>${CLICAR_CAMPO_EMAIL}</arg>
<doc>Click element identified by `locator`.</doc>
<msg timestamp="20210704 23:55:11.122" level="INFO">Clicking element 'xpath=/hierarchy/android.widget.FrameLayout/android.widget.LinearLayout/android.widget.FrameLayout/android.widget.FrameLayout/android.widget.FrameLayout/android.webkit.WebView/android.webkit.WebView/android.view.View/android.view.View[2]/android.view.View[3]/android.view.View/android.view.View[1]/android.view.View[2]/android.view.View'.</msg>
<status status="PASS" starttime="20210704 23:55:11.115" endtime="20210704 23:55:11.214"/>
</kw>
<kw name="Sleep" library="BuiltIn">
<arg>5</arg>
<doc>Pauses the test executed for the given time.</doc>
<msg timestamp="20210704 23:55:16.217" level="INFO">Slept 5 seconds</msg>
<status status="PASS" starttime="20210704 23:55:11.215" endtime="20210704 23:55:16.217"/>
</kw>
<kw name="Input Text" library="AppiumLibrary">
<arg>${INSERIR_EMAIL}</arg>
<arg>${EMAIL2}</arg>
<doc>Types the given `text` into text field identified by `locator`.</doc>
<msg timestamp="20210704 23:55:16.222" level="INFO">Typing text 'contatesteprimeexpert1@gmail.com' into text field 'xpath=/hierarchy/android.widget.FrameLayout/android.widget.LinearLayout/android.widget.FrameLayout/android.widget.FrameLayout/android.widget.FrameLayout/android.webkit.WebView/android.webkit.WebView/android.view.View/android.view.View[2]/android.view.View[3]/android.view.View/android.view.View[1]/android.view.View[1]/android.widget.EditText'</msg>
<status status="PASS" starttime="20210704 23:55:16.217" endtime="20210704 23:55:16.287"/>
</kw>
<kw name="Sleep" library="BuiltIn">
<arg>5</arg>
<doc>Pauses the test executed for the given time.</doc>
<msg timestamp="20210704 23:55:21.290" level="INFO">Slept 5 seconds</msg>
<status status="PASS" starttime="20210704 23:55:16.288" endtime="20210704 23:55:21.290"/>
</kw>
<kw name="Click Element" library="AppiumLibrary">
<arg>${CLICAR_AVANÇAR}</arg>
<doc>Click element identified by `locator`.</doc>
<msg timestamp="20210704 23:55:21.295" level="INFO">Clicking element 'xpath=/hierarchy/android.widget.FrameLayout/android.widget.LinearLayout/android.widget.FrameLayout/android.widget.FrameLayout/android.widget.FrameLayout/android.webkit.WebView/android.webkit.WebView/android.view.View/android.view.View[2]/android.view.View[4]/android.view.View/android.widget.Button'.</msg>
<status status="PASS" starttime="20210704 23:55:21.290" endtime="20210704 23:55:21.367"/>
</kw>
<kw name="Sleep" library="BuiltIn">
<arg>5</arg>
<doc>Pauses the test executed for the given time.</doc>
<msg timestamp="20210704 23:55:26.370" level="INFO">Slept 5 seconds</msg>
<status status="PASS" starttime="20210704 23:55:21.367" endtime="20210704 23:55:26.370"/>
</kw>
<kw name="Click Element" library="AppiumLibrary">
<arg>${CLICAR_CAMPO_SENHA}</arg>
<doc>Click element identified by `locator`.</doc>
<msg timestamp="20210704 23:55:26.373" level="INFO">Clicking element 'xpath=/hierarchy/android.widget.FrameLayout/android.widget.LinearLayout/android.widget.FrameLayout/android.widget.FrameLayout/android.widget.FrameLayout/android.webkit.WebView/android.webkit.WebView/android.view.View/android.view.View[2]/android.view.View[3]/android.view.View/android.view.View[1]/android.view.View/android.view.View/android.view.View[3]'.</msg>
<status status="PASS" starttime="20210704 23:55:26.370" endtime="20210704 23:55:26.453"/>
</kw>
<kw name="Sleep" library="BuiltIn">
<arg>5</arg>
<doc>Pauses the test executed for the given time.</doc>
<msg timestamp="20210704 23:55:31.455" level="INFO">Slept 5 seconds</msg>
<status status="PASS" starttime="20210704 23:55:26.453" endtime="20210704 23:55:31.455"/>
</kw>
<kw name="Input Text" library="AppiumLibrary">
<arg>${INSERIR_SENHA}</arg>
<arg>${SENHA}</arg>
<doc>Types the given `text` into text field identified by `locator`.</doc>
<msg timestamp="20210704 23:55:31.458" level="INFO">Typing text '123Mudar!@#' into text field 'xpath=/hierarchy/android.widget.FrameLayout/android.widget.LinearLayout/android.widget.FrameLayout/android.widget.FrameLayout/android.widget.FrameLayout/android.webkit.WebView/android.webkit.WebView/android.view.View/android.view.View[2]/android.view.View[3]/android.view.View/android.view.View[1]/android.view.View/android.view.View/android.view.View[1]/android.widget.EditText'</msg>
<status status="PASS" starttime="20210704 23:55:31.455" endtime="20210704 23:55:31.509"/>
</kw>
<kw name="Sleep" library="BuiltIn">
<arg>5</arg>
<doc>Pauses the test executed for the given time.</doc>
<msg timestamp="20210704 23:55:36.511" level="INFO">Slept 5 seconds</msg>
<status status="PASS" starttime="20210704 23:55:31.509" endtime="20210704 23:55:36.511"/>
</kw>
<kw name="Click Element" library="AppiumLibrary">
<arg>${CLICAR_LOGIN}</arg>
<doc>Click element identified by `locator`.</doc>
<msg timestamp="20210704 23:55:36.516" level="INFO">Clicking element 'xpath=/hierarchy/android.widget.FrameLayout/android.widget.LinearLayout/android.widget.FrameLayout/android.widget.FrameLayout/android.widget.FrameLayout/android.webkit.WebView/android.webkit.WebView/android.view.View/android.view.View[2]/android.view.View[4]/android.view.View'.</msg>
<status status="PASS" starttime="20210704 23:55:36.511" endtime="20210704 23:55:36.590"/>
</kw>
<kw name="Sleep" library="BuiltIn">
<arg>5</arg>
<doc>Pauses the test executed for the given time.</doc>
<msg timestamp="20210704 23:55:41.592" level="INFO">Slept 5 seconds</msg>
<status status="PASS" starttime="20210704 23:55:36.590" endtime="20210704 23:55:41.592"/>
</kw>
<kw name="Click Element" library="AppiumLibrary">
<arg>${CONCORDAR_BOTAO_LOGIN}</arg>
<doc>Click element identified by `locator`.</doc>
<msg timestamp="20210704 23:55:41.599" level="INFO">Clicking element 'xpath=/hierarchy/android.widget.FrameLayout/android.widget.LinearLayout/android.widget.FrameLayout/android.widget.FrameLayout/android.widget.FrameLayout/android.webkit.WebView/android.webkit.WebView/android.view.View/android.view.View[2]/android.view.View[4]/android.view.View'.</msg>
<status status="PASS" starttime="20210704 23:55:41.593" endtime="20210704 23:55:41.676"/>
</kw>
<kw name="Sleep" library="BuiltIn">
<arg>35</arg>
<doc>Pauses the test executed for the given time.</doc>
<msg timestamp="20210704 23:56:16.678" level="INFO">Slept 35 seconds</msg>
<status status="PASS" starttime="20210704 23:55:41.676" endtime="20210704 23:56:16.678"/>
</kw>
<kw name="Log To Console" library="BuiltIn">
<arg>Você Logou com sucesso com outra: ${EMAIL2}</arg>
<doc>Logs the given message to the console.</doc>
<status status="PASS" starttime="20210704 23:56:16.678" endtime="20210704 23:56:16.679"/>
</kw>
<status status="PASS" starttime="20210704 23:55:00.955" endtime="20210704 23:56:16.680"/>
</kw>
<status status="PASS" starttime="20210704 23:55:00.954" endtime="20210704 23:56:16.680"/>
</kw>
<status status="PASS" starttime="20210704 23:54:52.555" endtime="20210704 23:56:16.680"/>
</kw>
<kw name="Entrar no menu “Explorar”" library="Resource_mobile">
<kw name="Sleep" library="BuiltIn">
<arg>2</arg>
<doc>Pauses the test executed for the given time.</doc>
<msg timestamp="20210704 23:56:18.682" level="INFO">Slept 2 seconds</msg>
<status status="PASS" starttime="20210704 23:56:16.681" endtime="20210704 23:56:18.682"/>
</kw>
<kw name="Click Element" library="AppiumLibrary">
<arg>${BOTAOEXPLORAR}</arg>
<doc>Click element identified by `locator`.</doc>
<msg timestamp="20210704 23:56:18.685" level="INFO">Clicking element 'xpath=//android.widget.Button[@content-desc="Explorar"]'.</msg>
<status status="PASS" starttime="20210704 23:56:18.682" endtime="20210704 23:56:18.812"/>
</kw>
<kw name="Log To Console" library="BuiltIn">
<arg>Você Clicou com sucesso no MENU EXPLORAR!</arg>
<doc>Logs the given message to the console.</doc>
<status status="PASS" starttime="20210704 23:56:18.813" endtime="20210704 23:56:18.813"/>
</kw>
<status status="PASS" starttime="20210704 23:56:16.680" endtime="20210704 23:56:18.814"/>
</kw>
<kw name="Usar swipe de tela até o 10 item da tela" library="Resource_mobile">
<kw name="Swipe" library="AppiumLibrary">
<arg>650</arg>
<arg>500</arg>
<arg>700</arg>
<arg>300</arg>
<doc>Swipe from one point to another point, for an optional duration.</doc>
<status status="PASS" starttime="20210704 23:56:18.816" endtime="20210704 23:56:20.525"/>
</kw>
<kw name="Swipe" library="AppiumLibrary">
<arg>650</arg>
<arg>500</arg>
<arg>700</arg>
<arg>300</arg>
<doc>Swipe from one point to another point, for an optional duration.</doc>
<status status="PASS" starttime="20210704 23:56:20.526" endtime="20210704 23:56:21.924"/>
</kw>
<kw name="Swipe" library="AppiumLibrary">
<arg>650</arg>
<arg>500</arg>
<arg>700</arg>
<arg>300</arg>
<doc>Swipe from one point to another point, for an optional duration.</doc>
<status status="PASS" starttime="20210704 23:56:21.924" endtime="20210704 23:56:23.293"/>
</kw>
<kw name="Swipe" library="AppiumLibrary">
<arg>650</arg>
<arg>500</arg>
<arg>700</arg>
<arg>300</arg>
<doc>Swipe from one point to another point, for an optional duration.</doc>
<status status="PASS" starttime="20210704 23:56:23.293" endtime="20210704 23:56:24.633"/>
</kw>
<kw name="Swipe" library="AppiumLibrary">
<arg>650</arg>
<arg>500</arg>
<arg>700</arg>
<arg>300</arg>
<doc>Swipe from one point to another point, for an optional duration.</doc>
<status status="PASS" starttime="20210704 23:56:24.633" endtime="20210704 23:56:25.930"/>
</kw>
<kw name="Swipe" library="AppiumLibrary">
<arg>650</arg>
<arg>500</arg>
<arg>700</arg>
<arg>300</arg>
<doc>Swipe from one point to another point, for an optional duration.</doc>
<status status="PASS" starttime="20210704 23:56:25.930" endtime="20210704 23:56:27.229"/>
</kw>
<kw name="Swipe" library="AppiumLibrary">
<arg>650</arg>
<arg>500</arg>
<arg>700</arg>
<arg>300</arg>
<doc>Swipe from one point to another point, for an optional duration.</doc>
<status status="PASS" starttime="20210704 23:56:27.229" endtime="20210704 23:56:28.603"/>
</kw>
<kw name="Swipe" library="AppiumLibrary">
<arg>650</arg>
<arg>500</arg>
<arg>700</arg>
<arg>300</arg>
<doc>Swipe from one point to another point, for an optional duration.</doc>
<status status="PASS" starttime="20210704 23:56:28.604" endtime="20210704 23:56:29.908"/>
</kw>
<kw name="Swipe" library="AppiumLibrary">
<arg>650</arg>
<arg>500</arg>
<arg>700</arg>
<arg>300</arg>
<doc>Swipe from one point to another point, for an optional duration.</doc>
<status status="PASS" starttime="20210704 23:56:29.909" endtime="20210704 23:56:31.181"/>
</kw>
<kw name="Swipe" library="AppiumLibrary">
<arg>650</arg>
<arg>500</arg>
<arg>700</arg>
<arg>300</arg>
<doc>Swipe from one point to another point, for an optional duration.</doc>
<status status="PASS" starttime="20210704 23:56:31.181" endtime="20210704 23:56:32.437"/>
</kw>
<kw name="Swipe" library="AppiumLibrary">
<arg>650</arg>
<arg>500</arg>
<arg>700</arg>
<arg>300</arg>
<doc>Swipe from one point to another point, for an optional duration.</doc>
<status status="PASS" starttime="20210704 23:56:32.438" endtime="20210704 23:56:33.673"/>
</kw>
<kw name="Swipe" library="AppiumLibrary">
<arg>650</arg>
<arg>500</arg>
<arg>700</arg>
<arg>300</arg>
<doc>Swipe from one point to another point, for an optional duration.</doc>
<status status="PASS" starttime="20210704 23:56:33.674" endtime="20210704 23:56:34.974"/>
</kw>
<kw name="Swipe" library="AppiumLibrary">
<arg>650</arg>
<arg>500</arg>
<arg>700</arg>
<arg>300</arg>
<doc>Swipe from one point to another point, for an optional duration.</doc>
<status status="PASS" starttime="20210704 23:56:34.974" endtime="20210704 23:56:36.240"/>
</kw>
<kw name="Swipe" library="AppiumLibrary">
<arg>650</arg>
<arg>500</arg>
<arg>700</arg>
<arg>300</arg>
<doc>Swipe from one point to another point, for an optional duration.</doc>
<status status="PASS" starttime="20210704 23:56:36.240" endtime="20210704 23:56:37.488"/>
</kw>
<kw name="Sleep" library="BuiltIn">
<arg>2</arg>
<doc>Pauses the test executed for the given time.</doc>
<msg timestamp="20210704 23:56:39.490" level="INFO">Slept 2 seconds</msg>
<status status="PASS" starttime="20210704 23:56:37.488" endtime="20210704 23:56:39.490"/>
</kw>
<kw name="Log To Console" library="BuiltIn">
<arg>Parabéns, você desceu a tela até o item 10 da lista!</arg>
<doc>Logs the given message to the console.</doc>
<status status="PASS" starttime="20210704 23:56:39.490" endtime="20210704 23:56:39.491"/>
</kw>
<status status="PASS" starttime="20210704 23:56:18.816" endtime="20210704 23:56:39.491"/>
</kw>
<kw name="Clicar no vídeo" library="Resource_mobile">
<kw name="Wait Until Element Is Visible" library="AppiumLibrary">
<arg>${VERIFICA_VIDEO}</arg>
<arg>5</arg>
<doc>Waits until element specified with `locator` is visible.</doc>
<status status="PASS" starttime="20210704 23:56:39.492" endtime="20210704 23:56:39.592"/>
</kw>
<kw name="Click Element" library="AppiumLibrary">
<arg>${CLICAR_VIDEO}</arg>
<doc>Click element identified by `locator`.</doc>
<msg timestamp="20210704 23:56:39.596" level="INFO">Clicking element 'xpath=/hierarchy/android.widget.FrameLayout/android.widget.LinearLayout/android.widget.FrameLayout/android.widget.LinearLayout/android.widget.FrameLayout/android.widget.FrameLayout/android.view.ViewGroup/android.widget.FrameLayout[2]/android.view.ViewGroup/android.view.ViewGroup/android.widget.FrameLayout[2]/android.widget.FrameLayout/android.view.ViewGroup/android.support.v7.widget.RecyclerView/android.widget.FrameLayout[3]/android.widget.RelativeLayout/android.widget.RelativeLayout/android.widget.ImageView'.</msg>
<status status="PASS" starttime="20210704 23:56:39.592" endtime="20210704 23:56:39.706"/>
</kw>
<kw name="Sleep" library="BuiltIn">
<arg>10</arg>
<doc>Pauses the test executed for the given time.</doc>
<msg timestamp="20210704 23:56:49.708" level="INFO">Slept 10 seconds</msg>
<status status="PASS" starttime="20210704 23:56:39.706" endtime="20210704 23:56:49.708"/>
</kw>
<kw name="Log To Console" library="BuiltIn">
<arg>Você Clicou com sucesso no VÍDEO!</arg>
<doc>Logs the given message to the console.</doc>
<status status="PASS" starttime="20210704 23:56:49.708" endtime="20210704 23:56:49.709"/>
</kw>
<status status="PASS" starttime="20210704 23:56:39.492" endtime="20210704 23:56:49.709"/>
</kw>
<kw name="Fechar o aplicativo" library="Resource_mobile" type="TEARDOWN">
<kw name="Capture Page Screenshot" library="AppiumLibrary">
<doc>Takes a screenshot of the current page and embeds it into the log.</doc>
<msg timestamp="20210704 23:56:51.761" level="INFO" html="true">&lt;/td&gt;&lt;/tr&gt;&lt;tr&gt;&lt;td colspan="3"&gt;&lt;a href="appium-screenshot-2.png"&gt;&lt;img src="appium-screenshot-2.png" width="800px"&gt;&lt;/a&gt;</msg>
<status status="PASS" starttime="20210704 23:56:49.717" endtime="20210704 23:56:51.761"/>
</kw>
<kw name="Close Application" library="AppiumLibrary">
<doc>Closes the current application and also close webdriver session.</doc>
<status status="PASS" starttime="20210704 23:56:51.761" endtime="20210704 23:56:53.682"/>
</kw>
<status status="PASS" starttime="20210704 23:56:49.711" endtime="20210704 23:56:53.684"/>
</kw>
<tag>LOGAR</tag>
<status status="PASS" starttime="20210704 23:54:14.605" endtime="20210704 23:56:53.684"/>
</test>
<doc>Aqui estarão presentes todos os testes de automação do Android</doc>
<status status="PASS" starttime="20210704 23:54:14.122" endtime="20210704 23:56:53.687"/>
</suite>
<statistics>
<total>
<stat pass="1" fail="0" skip="0">All Tests</stat>
</total>
<tag>
<stat pass="1" fail="0" skip="0">LOGAR</stat>
</tag>
<suite>
<stat pass="1" fail="0" skip="0" id="s1" name="Mobile Automation">Mobile Automation</stat>
</suite>
</statistics>
<errors>
</errors>
</robot>
